16:07:10 **** Build of configuration Release for project Prelab1_sk ****
make all 
Building file: ../src/USARTDebug.c
Invoking: AVR Compiler
avr-gcc -I"M:\Workspace\RBELib\include" -Wall -Os -fpack-struct -fshort-enums -std=gnu99 -funsigned-char -funsigned-bitfields -mmcu=atmega644p -DF_CPU=18432000UL -MMD -MP -MF"src/USARTDebug.d" -MT"src/USARTDebug.d" -c -o "src/USARTDebug.o" "../src/USARTDebug.c"
Finished building: ../src/USARTDebug.c
 
Building target: Prelab1_sk.elf
Invoking: AVR C Linker
avr-gcc -Wl,-Map,Prelab1_sk.map -L"M:\Workspace\RBELib\Release" -mmcu=atmega644p -o "Prelab1_sk.elf"  ./src/USARTDebug.o ./src/ledButton.o ./src/ledTimer.o ./src/main.o ./src/serialEcho.o   -lRBELib -lm
Finished building target: Prelab1_sk.elf
 
Invoking: AVR Create Extended Listing
avr-objdump -h -S Prelab1_sk.elf  >"Prelab1_sk.lss"
Finished building: Prelab1_sk.lss
 
Create Flash image (ihex format)
avr-objcopy -R .eeprom -O ihex Prelab1_sk.elf  "Prelab1_sk.hex"
Finished building: Prelab1_sk.hex
 
Create eeprom image (ihex format)
avr-objcopy -j .eeprom --no-change-warnings --change-section-lma .eeprom=0 -O ihex Prelab1_sk.elf  "Prelab1_sk.eep"
Finished building: Prelab1_sk.eep
 
Invoking: Print Size
avr-size --format=avr --mcu=atmega644p Prelab1_sk.elf
AVR Memory Usage
----------------
Device: atmega644p

Program:     650 bytes (1.0% Full)
(.text + .data + .bootloader)

Data:         56 bytes (1.4% Full)
(.data + .bss + .noinit)


Finished building: sizedummy
 

16:07:15 Build Finished (took 5s.58ms)

